<?xml version="1.0" encoding="UTF-8"?>
<testsuite name="com.example.maritimemetrics.controller.MaritimeMetricControllerTest" tests="11" skipped="0" failures="0" errors="0" timestamp="2024-11-01T08:25:16" hostname="MH-1RVV4X3" time="0.396">
  <properties/>
  <testcase name="testGetAllInvalidDataByVesselCode()" classname="com.example.maritimemetrics.controller.MaritimeMetricControllerTest" time="0.223"/>
  <testcase name="testGetAllValidDataByVesselCode()" classname="com.example.maritimemetrics.controller.MaritimeMetricControllerTest" time="0.014"/>
  <testcase name="testGetAllMissingDataByVesselCode()" classname="com.example.maritimemetrics.controller.MaritimeMetricControllerTest" time="0.01"/>
  <testcase name="testGetAllBelowZeroDataByVesselCode()" classname="com.example.maritimemetrics.controller.MaritimeMetricControllerTest" time="0.008"/>
  <testcase name="testGetProblemFrequenciesSorted()" classname="com.example.maritimemetrics.controller.MaritimeMetricControllerTest" time="0.038"/>
  <testcase name="testGetAllOutlierDataByVesselCode()" classname="com.example.maritimemetrics.controller.MaritimeMetricControllerTest" time="0.009"/>
  <testcase name="testGetAllData()" classname="com.example.maritimemetrics.controller.MaritimeMetricControllerTest" time="0.02"/>
  <testcase name="testGetSpeedDifferencesByVesselCode()" classname="com.example.maritimemetrics.controller.MaritimeMetricControllerTest" time="0.023"/>
  <testcase name="testCompareVesselComplianceByAverageSpeedDifference()" classname="com.example.maritimemetrics.controller.MaritimeMetricControllerTest" time="0.014"/>
  <testcase name="testGetAllVesselCodes()" classname="com.example.maritimemetrics.controller.MaritimeMetricControllerTest" time="0.008"/>
  <testcase name="testGetMetricsForVesselInPeriod()" classname="com.example.maritimemetrics.controller.MaritimeMetricControllerTest" time="0.013"/>
  <system-out><![CDATA[
  .   ____          _            __ _ _
 /\\ / ___'_ __ _ _(_)_ __  __ _ \ \ \ \
( ( )\___ | '_ | '_| | '_ \/ _` | \ \ \ \
 \\/  ___)| |_)| | | | | || (_| |  ) ) ) )
  '  |____| .__|_| |_|_| |_\__, | / / / /
 =========|_|==============|___/=/_/_/_/

 :: Spring Boot ::                (v3.3.5)

2024-11-01T10:25:15.928+02:00  INFO 27260 --- [Maritime Metrics] [    Test worker] c.e.m.c.MaritimeMetricControllerTest     : Starting MaritimeMetricControllerTest using Java 17.0.12 with PID 27260 (started by louso in C:\dev\Maritime Metrics)
2024-11-01T10:25:15.928+02:00  INFO 27260 --- [Maritime Metrics] [    Test worker] c.e.m.c.MaritimeMetricControllerTest     : No active profile set, falling back to 1 default profile: "default"
2024-11-01T10:25:16.025+02:00  INFO 27260 --- [Maritime Metrics] [    Test worker] .s.d.r.c.RepositoryConfigurationDelegate : Bootstrapping Spring Data JPA repositories in DEFAULT mode.
2024-11-01T10:25:16.025+02:00  INFO 27260 --- [Maritime Metrics] [    Test worker] .s.d.r.c.RepositoryConfigurationDelegate : Finished Spring Data repository scanning in 7 ms. Found 1 JPA repository interface.
2024-11-01T10:25:16.110+02:00  INFO 27260 --- [Maritime Metrics] [    Test worker] o.hibernate.jpa.internal.util.LogHelper  : HHH000204: Processing PersistenceUnitInfo [name: default]
2024-11-01T10:25:16.110+02:00  INFO 27260 --- [Maritime Metrics] [    Test worker] o.h.c.internal.RegionFactoryInitiator    : HHH000026: Second-level cache disabled
2024-11-01T10:25:16.119+02:00  INFO 27260 --- [Maritime Metrics] [    Test worker] o.s.o.j.p.SpringPersistenceUnitInfo      : No LoadTimeWeaver setup: ignoring JPA class transformer
2024-11-01T10:25:16.119+02:00  INFO 27260 --- [Maritime Metrics] [    Test worker] com.zaxxer.hikari.HikariDataSource       : HikariPool-2 - Starting...
2024-11-01T10:25:16.119+02:00  INFO 27260 --- [Maritime Metrics] [    Test worker] com.zaxxer.hikari.pool.HikariPool        : HikariPool-2 - Added connection conn10: url=jdbc:h2:mem:testdb user=SA
2024-11-01T10:25:16.119+02:00  INFO 27260 --- [Maritime Metrics] [    Test worker] com.zaxxer.hikari.HikariDataSource       : HikariPool-2 - Start completed.
2024-11-01T10:25:16.166+02:00  INFO 27260 --- [Maritime Metrics] [    Test worker] o.h.e.t.j.p.i.JtaPlatformInitiator       : HHH000489: No JTA platform available (set 'hibernate.transaction.jta.platform' to enable JTA platform integration)
2024-11-01T10:25:16.166+02:00  INFO 27260 --- [Maritime Metrics] [    Test worker] j.LocalContainerEntityManagerFactoryBean : Initialized JPA EntityManagerFactory for persistence unit 'default'
2024-11-01T10:25:16.237+02:00  WARN 27260 --- [Maritime Metrics] [    Test worker] JpaBaseConfiguration$JpaWebConfiguration : spring.jpa.open-in-view is enabled by default. Therefore, database queries may be performed during view rendering. Explicitly configure spring.jpa.open-in-view to disable this warning
2024-11-01T10:25:16.290+02:00  INFO 27260 --- [Maritime Metrics] [    Test worker] o.s.b.a.h2.H2ConsoleAutoConfiguration    : H2 console available at '/h2-console'. Database available at 'jdbc:h2:mem:testdb'
2024-11-01T10:25:16.323+02:00  INFO 27260 --- [Maritime Metrics] [    Test worker] o.s.b.t.m.w.SpringBootMockServletContext : Initializing Spring TestDispatcherServlet ''
2024-11-01T10:25:16.323+02:00  INFO 27260 --- [Maritime Metrics] [    Test worker] o.s.t.web.servlet.TestDispatcherServlet  : Initializing Servlet ''
2024-11-01T10:25:16.328+02:00  INFO 27260 --- [Maritime Metrics] [    Test worker] o.s.t.web.servlet.TestDispatcherServlet  : Completed initialization in 5 ms
2024-11-01T10:25:16.328+02:00  INFO 27260 --- [Maritime Metrics] [    Test worker] c.e.m.c.MaritimeMetricControllerTest     : Started MaritimeMetricControllerTest in 0.416 seconds (process running for 8.866)
2024-11-01T10:25:16.470+02:00  INFO 27260 --- [Maritime Metrics] [    Test worker] c.e.m.service.MaritimeMetricCsvService   : Proposed speed outlier detected for actual: 0.039996 and proposed: 0.0
2024-11-01T10:25:16.470+02:00  INFO 27260 --- [Maritime Metrics] [    Test worker] c.e.m.service.MaritimeMetricCsvService   : Calculated speed difference for vessel 3001: 0.039996
2024-11-01T10:25:16.470+02:00  INFO 27260 --- [Maritime Metrics] [    Test worker] c.e.m.service.MaritimeMetricCsvService   : Set IsInvalid flag to true for vessel 3001
2024-11-01T10:25:16.470+02:00  INFO 27260 --- [Maritime Metrics] [    Test worker] c.e.m.service.MaritimeMetricCsvService   : Proposed speed outlier detected for actual: 0.0 and proposed: 0.747206647694111
2024-11-01T10:25:16.470+02:00  INFO 27260 --- [Maritime Metrics] [    Test worker] c.e.m.service.MaritimeMetricCsvService   : Calculated speed difference for vessel 19310: -0.747207
2024-11-01T10:25:16.470+02:00  INFO 27260 --- [Maritime Metrics] [    Test worker] c.e.m.service.MaritimeMetricCsvService   : Set IsInvalid flag to true for vessel 19310
2024-11-01T10:25:16.470+02:00  INFO 27260 --- [Maritime Metrics] [    Test worker] c.e.m.service.MaritimeMetricCsvService   : Calculated speed difference for vessel 3001: -1.0E-5
2024-11-01T10:25:16.470+02:00  INFO 27260 --- [Maritime Metrics] [    Test worker] c.e.m.service.MaritimeMetricCsvService   : Set IsInvalid flag to false for vessel 3001
2024-11-01T10:25:16.477+02:00  INFO 27260 --- [Maritime Metrics] [    Test worker] c.e.m.service.MaritimeMetricCsvService   : Calculated speed difference for vessel 3001: -6.0E-6
2024-11-01T10:25:16.477+02:00  INFO 27260 --- [Maritime Metrics] [    Test worker] c.e.m.service.MaritimeMetricCsvService   : Set IsInvalid flag to false for vessel 3001
2024-11-01T10:25:16.477+02:00  INFO 27260 --- [Maritime Metrics] [    Test worker] c.e.m.service.MaritimeMetricCsvService   : Calculated speed difference for vessel 3001: -1.0E-5
2024-11-01T10:25:16.477+02:00  INFO 27260 --- [Maritime Metrics] [    Test worker] c.e.m.service.MaritimeMetricCsvService   : Set IsInvalid flag to false for vessel 3001
2024-11-01T10:25:16.477+02:00  INFO 27260 --- [Maritime Metrics] [    Test worker] c.e.m.service.MaritimeMetricCsvService   : Calculated speed difference for vessel 3001: -1.0E-5
2024-11-01T10:25:16.477+02:00  INFO 27260 --- [Maritime Metrics] [    Test worker] c.e.m.service.MaritimeMetricCsvService   : Set IsInvalid flag to false for vessel 3001
2024-11-01T10:25:16.478+02:00  INFO 27260 --- [Maritime Metrics] [    Test worker] c.e.m.service.MaritimeMetricCsvService   : Calculated speed difference for vessel 3001: -1.0E-5
2024-11-01T10:25:16.478+02:00  INFO 27260 --- [Maritime Metrics] [    Test worker] c.e.m.service.MaritimeMetricCsvService   : Set IsInvalid flag to false for vessel 3001
2024-11-01T10:25:16.478+02:00  INFO 27260 --- [Maritime Metrics] [    Test worker] c.e.m.service.MaritimeMetricCsvService   : Calculated speed difference for vessel 3001: -1.0E-5
2024-11-01T10:25:16.478+02:00  INFO 27260 --- [Maritime Metrics] [    Test worker] c.e.m.service.MaritimeMetricCsvService   : Set IsInvalid flag to false for vessel 3001
2024-11-01T10:25:16.480+02:00  INFO 27260 --- [Maritime Metrics] [    Test worker] c.e.m.service.MaritimeMetricCsvService   : Calculated speed difference for vessel 3001: -1.0E-5
2024-11-01T10:25:16.480+02:00  INFO 27260 --- [Maritime Metrics] [    Test worker] c.e.m.service.MaritimeMetricCsvService   : Set IsInvalid flag to false for vessel 3001
2024-11-01T10:25:16.480+02:00  WARN 27260 --- [Maritime Metrics] [    Test worker] c.e.m.service.MaritimeMetricCsvService   : Latitude value is missing: NULL
2024-11-01T10:25:16.480+02:00  WARN 27260 --- [Maritime Metrics] [    Test worker] c.e.m.service.MaritimeMetricCsvService   : Longitude value is missing: NULL
2024-11-01T10:25:16.480+02:00  WARN 27260 --- [Maritime Metrics] [    Test worker] c.e.m.service.MaritimeMetricCsvService   : Power value is missing: NULL
2024-11-01T10:25:16.480+02:00  WARN 27260 --- [Maritime Metrics] [    Test worker] c.e.m.service.MaritimeMetricCsvService   : Fuel consumption value is missing: NULL
2024-11-01T10:25:16.480+02:00  WARN 27260 --- [Maritime Metrics] [    Test worker] c.e.m.service.MaritimeMetricCsvService   : Actual speed value is missing: NULL
2024-11-01T10:25:16.480+02:00  WARN 27260 --- [Maritime Metrics] [    Test worker] c.e.m.service.MaritimeMetricCsvService   : Proposed speed value is missing: NULL
2024-11-01T10:25:16.480+02:00  INFO 27260 --- [Maritime Metrics] [    Test worker] c.e.m.service.MaritimeMetricCsvService   : Set IsInvalid flag to true for vessel 19310
2024-11-01T10:25:16.480+02:00  INFO 27260 --- [Maritime Metrics] [    Test worker] c.e.m.service.MaritimeMetricCsvService   : Calculated speed difference for vessel 3001: -1.0E-5
2024-11-01T10:25:16.480+02:00  INFO 27260 --- [Maritime Metrics] [    Test worker] c.e.m.service.MaritimeMetricCsvService   : Set IsInvalid flag to false for vessel 3001
2024-11-01T10:25:16.480+02:00  INFO 27260 --- [Maritime Metrics] [    Test worker] c.e.m.service.MaritimeMetricCsvService   : Proposed speed outlier detected for actual: -1.0 and proposed: 2.5
2024-11-01T10:25:16.480+02:00  INFO 27260 --- [Maritime Metrics] [    Test worker] c.e.m.service.MaritimeMetricCsvService   : Set IsBelowZero flag to true for vessel 3001
2024-11-01T10:25:16.482+02:00  INFO 27260 --- [Maritime Metrics] [    Test worker] c.e.m.service.MaritimeMetricCsvService   : Calculated speed difference for vessel 3001: -3.5
2024-11-01T10:25:16.482+02:00  INFO 27260 --- [Maritime Metrics] [    Test worker] c.e.m.service.MaritimeMetricCsvService   : Set IsInvalid flag to true for vessel 3001
2024-11-01T10:25:16.482+02:00  INFO 27260 --- [Maritime Metrics] [    Test worker] c.e.m.service.MaritimeMetricCsvService   : Proposed speed outlier detected for actual: -2.0 and proposed: 2.8
2024-11-01T10:25:16.482+02:00  INFO 27260 --- [Maritime Metrics] [    Test worker] c.e.m.service.MaritimeMetricCsvService   : Fuel consumption outlier detected for actual: -0.5 and predicted: 2.5
2024-11-01T10:25:16.482+02:00  INFO 27260 --- [Maritime Metrics] [    Test worker] c.e.m.service.MaritimeMetricCsvService   : Set IsBelowZero flag to true for vessel 19310
2024-11-01T10:25:16.482+02:00  INFO 27260 --- [Maritime Metrics] [    Test worker] c.e.m.service.MaritimeMetricCsvService   : Calculated speed difference for vessel 19310: -4.8
2024-11-01T10:25:16.482+02:00  INFO 27260 --- [Maritime Metrics] [    Test worker] c.e.m.service.MaritimeMetricCsvService   : Set IsInvalid flag to true for vessel 19310
2024-11-01T10:25:16.529+02:00  INFO 27260 --- [Maritime Metrics] [    Test worker] c.e.m.service.MaritimeMetricCsvService   : Successfully imported data from CSV with 13 records.
2024-11-01T10:25:16.592+02:00  INFO 27260 --- [Maritime Metrics] [    Test worker] c.e.m.c.MaritimeMetricController         : Fetching all invalid data for vesselCode: 19310
2024-11-01T10:25:16.768+02:00  INFO 27260 --- [Maritime Metrics] [    Test worker] c.e.m.c.MaritimeMetricController         : Fetching all valid data for vesselCode: 3001
2024-11-01T10:25:16.784+02:00  INFO 27260 --- [Maritime Metrics] [    Test worker] c.e.m.c.MaritimeMetricController         : Fetching all missing data for vesselCode: 19310
2024-11-01T10:25:16.787+02:00  INFO 27260 --- [Maritime Metrics] [    Test worker] c.e.m.c.MaritimeMetricController         : Fetching all below-zero data for vesselCode: 3001
2024-11-01T10:25:16.811+02:00  INFO 27260 --- [Maritime Metrics] [    Test worker] c.e.m.c.MaritimeMetricController         : Fetching problem frequencies for vesselCode: 19310
2024-11-01T10:25:16.848+02:00  INFO 27260 --- [Maritime Metrics] [    Test worker] c.e.m.c.MaritimeMetricController         : Fetching all outlier data for vesselCode: 3001
2024-11-01T10:25:16.848+02:00  INFO 27260 --- [Maritime Metrics] [    Test worker] c.e.m.c.MaritimeMetricController         : Fetching all metrics data
2024-11-01T10:25:16.864+02:00  INFO 27260 --- [Maritime Metrics] [    Test worker] c.e.m.c.MaritimeMetricController         : Fetching speed differences for vesselCode: 3001
2024-11-01T10:25:16.917+02:00  INFO 27260 --- [Maritime Metrics] [    Test worker] c.e.m.c.MaritimeMetricController         : Fetching all vessel codes
2024-11-01T10:25:16.925+02:00  INFO 27260 --- [Maritime Metrics] [    Test worker] c.e.m.c.MaritimeMetricController         : Fetching summary metrics for vesselCode: 3001 between 2023-06-01T00:01:00 and 2023-06-01T00:03:00
]]></system-out>
  <system-err><![CDATA[]]></system-err>
</testsuite>
