<?xml version="1.0" encoding="UTF-8"?>
<testsuite name="com.example.maritimemetrics.MaritimeMetricsApplicationTests" tests="1" skipped="0" failures="0" errors="0" timestamp="2024-11-01T08:25:15" hostname="MH-1RVV4X3" time="0.429">
  <properties/>
  <testcase name="contextLoads()" classname="com.example.maritimemetrics.MaritimeMetricsApplicationTests" time="0.429"/>
  <system-out><![CDATA[10:25:09.264 [Test worker] INFO org.springframework.test.context.support.AnnotationConfigContextLoaderUtils -- Could not detect default configuration classes for test class [com.example.maritimemetrics.MaritimeMetricsApplicationTests]: MaritimeMetricsApplicationTests does not declare any static, non-private, non-final, nested classes annotated with @Configuration.
10:25:09.421 [Test worker] INFO org.springframework.boot.test.context.SpringBootTestContextBootstrapper -- Found @SpringBootConfiguration com.example.maritimemetrics.MaritimeMetricsApplication for test class com.example.maritimemetrics.MaritimeMetricsApplicationTests

  .   ____          _            __ _ _
 /\\ / ___'_ __ _ _(_)_ __  __ _ \ \ \ \
( ( )\___ | '_ | '_| | '_ \/ _` | \ \ \ \
 \\/  ___)| |_)| | | | | || (_| |  ) ) ) )
  '  |____| .__|_| |_|_| |_\__, | / / / /
 =========|_|==============|___/=/_/_/_/

 :: Spring Boot ::                (v3.3.5)

2024-11-01T10:25:09.915+02:00  INFO 27260 --- [Maritime Metrics] [    Test worker] c.e.m.MaritimeMetricsApplicationTests    : Starting MaritimeMetricsApplicationTests using Java 17.0.12 with PID 27260 (started by louso in C:\dev\Maritime Metrics)
2024-11-01T10:25:09.915+02:00  INFO 27260 --- [Maritime Metrics] [    Test worker] c.e.m.MaritimeMetricsApplicationTests    : No active profile set, falling back to 1 default profile: "default"
2024-11-01T10:25:10.736+02:00  INFO 27260 --- [Maritime Metrics] [    Test worker] .s.d.r.c.RepositoryConfigurationDelegate : Bootstrapping Spring Data JPA repositories in DEFAULT mode.
2024-11-01T10:25:10.831+02:00  INFO 27260 --- [Maritime Metrics] [    Test worker] .s.d.r.c.RepositoryConfigurationDelegate : Finished Spring Data repository scanning in 85 ms. Found 1 JPA repository interface.
2024-11-01T10:25:11.442+02:00  INFO 27260 --- [Maritime Metrics] [    Test worker] o.hibernate.jpa.internal.util.LogHelper  : HHH000204: Processing PersistenceUnitInfo [name: default]
2024-11-01T10:25:11.584+02:00  INFO 27260 --- [Maritime Metrics] [    Test worker] org.hibernate.Version                    : HHH000412: Hibernate ORM core version 6.5.3.Final
2024-11-01T10:25:11.646+02:00  INFO 27260 --- [Maritime Metrics] [    Test worker] o.h.c.internal.RegionFactoryInitiator    : HHH000026: Second-level cache disabled
2024-11-01T10:25:12.086+02:00  INFO 27260 --- [Maritime Metrics] [    Test worker] o.s.o.j.p.SpringPersistenceUnitInfo      : No LoadTimeWeaver setup: ignoring JPA class transformer
2024-11-01T10:25:12.136+02:00  INFO 27260 --- [Maritime Metrics] [    Test worker] com.zaxxer.hikari.HikariDataSource       : HikariPool-1 - Starting...
2024-11-01T10:25:12.513+02:00  INFO 27260 --- [Maritime Metrics] [    Test worker] com.zaxxer.hikari.pool.HikariPool        : HikariPool-1 - Added connection conn0: url=jdbc:h2:mem:testdb user=SA
2024-11-01T10:25:12.513+02:00  INFO 27260 --- [Maritime Metrics] [    Test worker] com.zaxxer.hikari.HikariDataSource       : HikariPool-1 - Start completed.
2024-11-01T10:25:13.590+02:00  INFO 27260 --- [Maritime Metrics] [    Test worker] o.h.e.t.j.p.i.JtaPlatformInitiator       : HHH000489: No JTA platform available (set 'hibernate.transaction.jta.platform' to enable JTA platform integration)
2024-11-01T10:25:13.637+02:00  INFO 27260 --- [Maritime Metrics] [    Test worker] j.LocalContainerEntityManagerFactoryBean : Initialized JPA EntityManagerFactory for persistence unit 'default'
2024-11-01T10:25:13.966+02:00  INFO 27260 --- [Maritime Metrics] [    Test worker] o.s.d.j.r.query.QueryEnhancerFactory     : Hibernate is in classpath; If applicable, HQL parser will be used.
2024-11-01T10:25:14.877+02:00  WARN 27260 --- [Maritime Metrics] [    Test worker] JpaBaseConfiguration$JpaWebConfiguration : spring.jpa.open-in-view is enabled by default. Therefore, database queries may be performed during view rendering. Explicitly configure spring.jpa.open-in-view to disable this warning
2024-11-01T10:25:15.395+02:00  INFO 27260 --- [Maritime Metrics] [    Test worker] o.s.b.a.h2.H2ConsoleAutoConfiguration    : H2 console available at '/h2-console'. Database available at 'jdbc:h2:mem:testdb'
2024-11-01T10:25:15.442+02:00  INFO 27260 --- [Maritime Metrics] [    Test worker] c.e.m.MaritimeMetricsApplicationTests    : Started MaritimeMetricsApplicationTests in 5.838 seconds (process running for 7.984)
]]></system-out>
  <system-err><![CDATA[]]></system-err>
</testsuite>
