<?xml version="1.0" encoding="UTF-8"?>
<testsuite name="com.example.maritimemetrics.controller.MaritimeMetricCsvControllerTest" tests="1" skipped="0" failures="0" errors="0" timestamp="2024-11-01T08:25:16" hostname="MH-1RVV4X3" time="0.052">
  <properties/>
  <testcase name="testImportCsv()" classname="com.example.maritimemetrics.controller.MaritimeMetricCsvControllerTest" time="0.052"/>
  <system-out><![CDATA[2024-11-01T10:25:16.940+02:00  INFO 27260 --- [Maritime Metrics] [    Test worker] t.c.s.AnnotationConfigContextLoaderUtils : Could not detect default configuration classes for test class [com.example.maritimemetrics.controller.MaritimeMetricCsvControllerTest]: MaritimeMetricCsvControllerTest does not declare any static, non-private, non-final, nested classes annotated with @Configuration.
2024-11-01T10:25:16.940+02:00  INFO 27260 --- [Maritime Metrics] [    Test worker] .b.t.c.SpringBootTestContextBootstrapper : Found @SpringBootConfiguration com.example.maritimemetrics.MaritimeMetricsApplication for test class com.example.maritimemetrics.controller.MaritimeMetricCsvControllerTest
2024-11-01T10:25:16.956+02:00  INFO 27260 --- [Maritime Metrics] [    Test worker] o.s.mock.web.MockServletContext          : Initializing Spring TestDispatcherServlet ''
2024-11-01T10:25:16.956+02:00  INFO 27260 --- [Maritime Metrics] [    Test worker] o.s.t.web.servlet.TestDispatcherServlet  : Initializing Servlet ''
2024-11-01T10:25:16.956+02:00  INFO 27260 --- [Maritime Metrics] [    Test worker] o.s.t.web.servlet.TestDispatcherServlet  : Completed initialization in 0 ms
2024-11-01T10:25:16.956+02:00  INFO 27260 --- [Maritime Metrics] [    Test worker] c.e.m.c.MaritimeMetricCsvController      : CSV import request received
2024-11-01T10:25:16.971+02:00  INFO 27260 --- [Maritime Metrics] [    Test worker] c.e.m.service.MaritimeMetricCsvService   : Proposed speed outlier detected for actual: 0.039996 and proposed: 0.0
2024-11-01T10:25:16.971+02:00  INFO 27260 --- [Maritime Metrics] [    Test worker] c.e.m.service.MaritimeMetricCsvService   : Calculated speed difference for vessel 3001: 0.039996
2024-11-01T10:25:16.971+02:00  INFO 27260 --- [Maritime Metrics] [    Test worker] c.e.m.service.MaritimeMetricCsvService   : Set IsInvalid flag to true for vessel 3001
2024-11-01T10:25:16.971+02:00  INFO 27260 --- [Maritime Metrics] [    Test worker] c.e.m.service.MaritimeMetricCsvService   : Proposed speed outlier detected for actual: 0.0 and proposed: 0.747206647694111
2024-11-01T10:25:16.971+02:00  INFO 27260 --- [Maritime Metrics] [    Test worker] c.e.m.service.MaritimeMetricCsvService   : Calculated speed difference for vessel 19310: -0.747207
2024-11-01T10:25:16.971+02:00  INFO 27260 --- [Maritime Metrics] [    Test worker] c.e.m.service.MaritimeMetricCsvService   : Set IsInvalid flag to true for vessel 19310
2024-11-01T10:25:16.985+02:00  INFO 27260 --- [Maritime Metrics] [    Test worker] c.e.m.service.MaritimeMetricCsvService   : Calculated speed difference for vessel 3001: -1.0E-5
2024-11-01T10:25:16.985+02:00  INFO 27260 --- [Maritime Metrics] [    Test worker] c.e.m.service.MaritimeMetricCsvService   : Set IsInvalid flag to false for vessel 3001
2024-11-01T10:25:16.985+02:00  INFO 27260 --- [Maritime Metrics] [    Test worker] c.e.m.service.MaritimeMetricCsvService   : Calculated speed difference for vessel 3001: -6.0E-6
2024-11-01T10:25:16.986+02:00  INFO 27260 --- [Maritime Metrics] [    Test worker] c.e.m.service.MaritimeMetricCsvService   : Set IsInvalid flag to false for vessel 3001
2024-11-01T10:25:16.986+02:00  INFO 27260 --- [Maritime Metrics] [    Test worker] c.e.m.service.MaritimeMetricCsvService   : Calculated speed difference for vessel 3001: -1.0E-5
2024-11-01T10:25:16.986+02:00  INFO 27260 --- [Maritime Metrics] [    Test worker] c.e.m.service.MaritimeMetricCsvService   : Set IsInvalid flag to false for vessel 3001
2024-11-01T10:25:16.986+02:00  INFO 27260 --- [Maritime Metrics] [    Test worker] c.e.m.service.MaritimeMetricCsvService   : Calculated speed difference for vessel 3001: -1.0E-5
2024-11-01T10:25:16.986+02:00  INFO 27260 --- [Maritime Metrics] [    Test worker] c.e.m.service.MaritimeMetricCsvService   : Set IsInvalid flag to false for vessel 3001
2024-11-01T10:25:16.986+02:00  INFO 27260 --- [Maritime Metrics] [    Test worker] c.e.m.service.MaritimeMetricCsvService   : Calculated speed difference for vessel 3001: -1.0E-5
2024-11-01T10:25:16.986+02:00  INFO 27260 --- [Maritime Metrics] [    Test worker] c.e.m.service.MaritimeMetricCsvService   : Set IsInvalid flag to false for vessel 3001
2024-11-01T10:25:16.986+02:00  INFO 27260 --- [Maritime Metrics] [    Test worker] c.e.m.service.MaritimeMetricCsvService   : Calculated speed difference for vessel 3001: -1.0E-5
2024-11-01T10:25:16.986+02:00  INFO 27260 --- [Maritime Metrics] [    Test worker] c.e.m.service.MaritimeMetricCsvService   : Set IsInvalid flag to false for vessel 3001
2024-11-01T10:25:16.986+02:00  INFO 27260 --- [Maritime Metrics] [    Test worker] c.e.m.service.MaritimeMetricCsvService   : Calculated speed difference for vessel 3001: -1.0E-5
2024-11-01T10:25:16.986+02:00  INFO 27260 --- [Maritime Metrics] [    Test worker] c.e.m.service.MaritimeMetricCsvService   : Set IsInvalid flag to false for vessel 3001
2024-11-01T10:25:16.988+02:00  WARN 27260 --- [Maritime Metrics] [    Test worker] c.e.m.service.MaritimeMetricCsvService   : Latitude value is missing: NULL
2024-11-01T10:25:16.988+02:00  WARN 27260 --- [Maritime Metrics] [    Test worker] c.e.m.service.MaritimeMetricCsvService   : Longitude value is missing: NULL
2024-11-01T10:25:16.988+02:00  WARN 27260 --- [Maritime Metrics] [    Test worker] c.e.m.service.MaritimeMetricCsvService   : Power value is missing: NULL
2024-11-01T10:25:16.988+02:00  WARN 27260 --- [Maritime Metrics] [    Test worker] c.e.m.service.MaritimeMetricCsvService   : Fuel consumption value is missing: NULL
2024-11-01T10:25:16.989+02:00  WARN 27260 --- [Maritime Metrics] [    Test worker] c.e.m.service.MaritimeMetricCsvService   : Actual speed value is missing: NULL
2024-11-01T10:25:16.989+02:00  WARN 27260 --- [Maritime Metrics] [    Test worker] c.e.m.service.MaritimeMetricCsvService   : Proposed speed value is missing: NULL
2024-11-01T10:25:16.989+02:00  INFO 27260 --- [Maritime Metrics] [    Test worker] c.e.m.service.MaritimeMetricCsvService   : Set IsInvalid flag to true for vessel 19310
2024-11-01T10:25:16.989+02:00  INFO 27260 --- [Maritime Metrics] [    Test worker] c.e.m.service.MaritimeMetricCsvService   : Calculated speed difference for vessel 3001: -1.0E-5
2024-11-01T10:25:16.989+02:00  INFO 27260 --- [Maritime Metrics] [    Test worker] c.e.m.service.MaritimeMetricCsvService   : Set IsInvalid flag to false for vessel 3001
2024-11-01T10:25:16.989+02:00  INFO 27260 --- [Maritime Metrics] [    Test worker] c.e.m.service.MaritimeMetricCsvService   : Proposed speed outlier detected for actual: -1.0 and proposed: 2.5
2024-11-01T10:25:16.989+02:00  INFO 27260 --- [Maritime Metrics] [    Test worker] c.e.m.service.MaritimeMetricCsvService   : Set IsBelowZero flag to true for vessel 3001
2024-11-01T10:25:16.989+02:00  INFO 27260 --- [Maritime Metrics] [    Test worker] c.e.m.service.MaritimeMetricCsvService   : Calculated speed difference for vessel 3001: -3.5
2024-11-01T10:25:16.989+02:00  INFO 27260 --- [Maritime Metrics] [    Test worker] c.e.m.service.MaritimeMetricCsvService   : Set IsInvalid flag to true for vessel 3001
2024-11-01T10:25:16.990+02:00  INFO 27260 --- [Maritime Metrics] [    Test worker] c.e.m.service.MaritimeMetricCsvService   : Proposed speed outlier detected for actual: -2.0 and proposed: 2.8
2024-11-01T10:25:16.990+02:00  INFO 27260 --- [Maritime Metrics] [    Test worker] c.e.m.service.MaritimeMetricCsvService   : Fuel consumption outlier detected for actual: -0.5 and predicted: 2.5
2024-11-01T10:25:16.990+02:00  INFO 27260 --- [Maritime Metrics] [    Test worker] c.e.m.service.MaritimeMetricCsvService   : Set IsBelowZero flag to true for vessel 19310
2024-11-01T10:25:16.990+02:00  INFO 27260 --- [Maritime Metrics] [    Test worker] c.e.m.service.MaritimeMetricCsvService   : Calculated speed difference for vessel 19310: -4.8
2024-11-01T10:25:16.990+02:00  INFO 27260 --- [Maritime Metrics] [    Test worker] c.e.m.service.MaritimeMetricCsvService   : Set IsInvalid flag to true for vessel 19310
2024-11-01T10:25:16.990+02:00  INFO 27260 --- [Maritime Metrics] [    Test worker] c.e.m.service.MaritimeMetricCsvService   : Successfully imported data from CSV with 13 records.
2024-11-01T10:25:16.990+02:00  INFO 27260 --- [Maritime Metrics] [    Test worker] c.e.m.c.MaritimeMetricCsvController      : CSV file imported successfully
]]></system-out>
  <system-err><![CDATA[]]></system-err>
</testsuite>
